<?xml version="1.0" encoding="UTF-8" ?>
<testsuite errors="0" failures="0" hostname="marwa" name="lms.loginTest" skipped="0" tests="17" time="4.139" timestamp="2021-07-14T10:00:37">
  <properties>
[...]
</properties>
  <testcase classname="lms.loginTest" name="testVerify_teacher_WrongPassword" time="1.785" />
  <testcase classname="lms.loginTest" name="testVerify_teacher_CorrectPassword" time="0.1" />
  <testcase classname="lms.loginTest" name="testVerify_student_WrongPassword" time="0.119" />
  <testcase classname="lms.loginTest" name="testVerify_admin_WrongPassword" time="0.156" />
  <testcase classname="lms.loginTest" name="testMain" time="0.004" />
  <testcase classname="lms.loginTest" name="testVerify_student_NotExists" time="0.116" />
  <testcase classname="lms.loginTest" name="WrongPassword" time="0.128" />
  <testcase classname="lms.loginTest" name="testGetStudentData_Exists" time="0.104" />
  <testcase classname="lms.loginTest" name="testGetTeacherData_WrongPassword" time="0.117" />
  <testcase classname="lms.loginTest" name="testVerify_InvalidData" time="0.124" />
  <testcase classname="lms.loginTest" name="testVerify_student_CorrectPassword" time="0.116" />
  <testcase classname="lms.loginTest" name="testGetTeacherData_Exists" time="0.127" />
  <testcase classname="lms.loginTest" name="testVerify_teacher_NotExists" time="0.116" />
  <testcase classname="lms.loginTest" name="testGetTeacherData_NotExists" time="0.135" />
  <testcase classname="lms.loginTest" name="testVerify_EmptyEmail" time="0.11" />
  <testcase classname="lms.loginTest" name="testGetStudentData_NotExists" time="0.085" />
  <testcase classname="lms.loginTest" name="testVerify_admin_EmptyPassword" time="0.081" />
  <system-out><![CDATA[verify_teacher
verify_teacher
verify_student
verify_admin
main
verify_student
getStudentData
getStudentData
getTeacherData
verify_admin
verify_student
getTeacherData
verify_teacher
getTeacherData
verify_admin
getStudentData
verify_admin
]]></system-out>
  <system-err><![CDATA[]]></system-err>
</testsuite>
